La génération a démarré 01/01/2014 15:57:02.
     1>Projet "C:\Users\Joey Bronner\Google Drive\C++_Workspace\EasyTwitterManager\EasyTwitterManager\EasyTwitterManager.vcxproj" sur le nœud 2 (build cible(s)).
     1>InitializeBuildStatus:
         Création de "Debug\EasyTwitterManager.unsuccessfulbuild", car "AlwaysCreate" a été spécifié.
       GenerateTargetFrameworkMonikerAttribute:
       La cible est ignorée "GenerateTargetFrameworkMonikerAttribute", car tous les fichiers de sortie sont à jour par rapport aux fichiers d'entrée.
       ClCompile:
         Toutes les sorties sont à jour.
         C:\Program Files\Microsoft Visual Studio 10.0\VC\bin\CL.exe /c /AI"C:\Program Files\Reference Assemblies\Microsoft\Framework\.NETFramework\v4.0" /Zi /clr:pure /nologo /W3 /WX- /Od /Oy- /D WIN32 /D _DEBUG /D _UNICODE /D UNICODE /EHa /MDd /GS /fp:precise /Zc:wchar_t /Zc:forScope /Yu"StdAfx.h" /Fp"Debug\EasyTwitterManager.pch" /Fo"Debug\\" /Fd"Debug\vc100.pdb" /TP /FU"C:\Program Files\Reference Assemblies\Microsoft\Framework\.NETFramework\v4.0\System.Core.dll" /FU"C:\Program Files\Reference Assemblies\Microsoft\Framework\.NETFramework\v4.0\System.Data.dll" /FU"C:\Program Files\Reference Assemblies\Microsoft\Framework\.NETFramework\v4.0\System.dll" /FU"C:\Program Files\Reference Assemblies\Microsoft\Framework\.NETFramework\v4.0\System.Drawing.dll" /FU"C:\Program Files\Reference Assemblies\Microsoft\Framework\.NETFramework\v4.0\System.Windows.Forms.dll" /FU"C:\Program Files\Reference Assemblies\Microsoft\Framework\.NETFramework\v4.0\System.Xml.dll" /analyze- /errorReport:prompt EasyTwitterManager.cpp /clr:nostdlib 
         EasyTwitterManager.cpp
         Toutes les sorties sont à jour.
       CoreResGen:
         Aucune ressource n'apparaît obsolète par rapport aux fichiers sources. La génération des ressources sera ignorée.
       ResourceCompile:
         Toutes les sorties sont à jour.
       Link:
         C:\Program Files\Microsoft Visual Studio 10.0\VC\bin\link.exe /ERRORREPORT:PROMPT /OUT:"C:\Users\Joey Bronner\Google Drive\C++_Workspace\EasyTwitterManager\Debug\EasyTwitterManager.exe" /INCREMENTAL /NOLOGO /ASSEMBLYRESOURCE:Debug\EasyTwitterManager.window_Accueil.resources /MANIFEST /ManifestFile:"Debug\EasyTwitterManager.exe.intermediate.manifest" /MANIFESTUAC:"level='asInvoker' uiAccess='false'" /DEBUG /PDB:"C:\Users\Joey Bronner\Google Drive\C++_Workspace\EasyTwitterManager\Debug\EasyTwitterManager.pdb" /ASSEMBLYDEBUG /SUBSYSTEM:WINDOWS /TLBID:1 /ENTRY:"main" /DYNAMICBASE /FIXED:NO /NXCOMPAT /MACHINE:X86 Debug\app.res
         Debug\AssemblyInfo.obj
         Debug\EasyTwitterManager.obj
         Debug\stdafx.obj
         "Debug\.NETFramework,Version=v4.0.AssemblyAttributes.obj"
         EasyTwitterManager.vcxproj -> C:\Users\Joey Bronner\Google Drive\C++_Workspace\EasyTwitterManager\Debug\EasyTwitterManager.exe
       Manifest:
         C:\Program Files\Microsoft SDKs\Windows\v7.0A\bin\mt.exe /nologo /verbose /outputresource:"C:\Users\Joey Bronner\Google Drive\C++_Workspace\EasyTwitterManager\Debug\EasyTwitterManager.exe;#1" /manifest Debug\EasyTwitterManager.exe.intermediate.manifest
       FinalizeBuildStatus:
         Suppression du fichier "Debug\EasyTwitterManager.unsuccessfulbuild".
         Mise à jour de l'horodatage "Debug\EasyTwitterManager.lastbuildstate".
     1>Génération du projet "C:\Users\Joey Bronner\Google Drive\C++_Workspace\EasyTwitterManager\EasyTwitterManager\EasyTwitterManager.vcxproj" terminée (build cible(s)).

La génération a réussi.

Temps écoulé 00:00:07.98
